2021-08-03 09:04:26,929 - SmartPhoneScraper - INFO - Start scraping all 48 smartphone data from www.gsmarena.com
2021-08-03 09:04:26,930 - SmartPhoneScraper - INFO - Prepared 13 search links
2021-08-03 09:04:26,930 - SmartPhoneScraper - INFO - Start url request 1 / 13: https://www.gsmarena.com/results.php3?nYearMin=2009&nYearMax=2009&sMakers=48&sAvailabilities=1,3&sFormFactors=1
2021-08-03 09:04:27,418 - SmartPhoneScraper - DEBUG - Url request succeeded.
2021-08-03 09:04:27,419 - SmartPhoneScraper - DEBUG - Site request delay: 3
2021-08-03 09:04:30,426 - SmartPhoneScraper - INFO - Start url request 2 / 13: https://www.gsmarena.com/results.php3?nYearMin=2010&nYearMax=2010&sMakers=48&sAvailabilities=1,3&sFormFactors=1
2021-08-03 09:04:30,545 - SmartPhoneScraper - DEBUG - Url request succeeded.
2021-08-03 09:04:30,546 - SmartPhoneScraper - DEBUG - Site request delay: 3
2021-08-03 09:04:33,554 - SmartPhoneScraper - INFO - Start url request 3 / 13: https://www.gsmarena.com/results.php3?nYearMin=2011&nYearMax=2011&sMakers=48&sAvailabilities=1,3&sFormFactors=1
2021-08-03 09:04:33,704 - SmartPhoneScraper - DEBUG - Url request succeeded.
2021-08-03 09:04:33,704 - SmartPhoneScraper - DEBUG - Site request delay: 3
2021-08-03 09:04:36,713 - SmartPhoneScraper - INFO - Start url request 4 / 13: https://www.gsmarena.com/results.php3?nYearMin=2012&nYearMax=2012&sMakers=48&sAvailabilities=1,3&sFormFactors=1
2021-08-03 09:04:36,866 - SmartPhoneScraper - DEBUG - Url request succeeded.
2021-08-03 09:04:36,866 - SmartPhoneScraper - DEBUG - Site request delay: 3
2021-08-03 09:04:39,881 - SmartPhoneScraper - INFO - Start url request 5 / 13: https://www.gsmarena.com/results.php3?nYearMin=2013&nYearMax=2013&sMakers=48&sAvailabilities=1,3&sFormFactors=1
2021-08-03 09:04:39,997 - SmartPhoneScraper - DEBUG - Url request succeeded.
2021-08-03 09:04:39,997 - SmartPhoneScraper - DEBUG - Site request delay: 3
2021-08-03 09:04:43,000 - SmartPhoneScraper - INFO - Start url request 6 / 13: https://www.gsmarena.com/results.php3?nYearMin=2014&nYearMax=2014&sMakers=48&sAvailabilities=1,3&sFormFactors=1
2021-08-03 09:04:43,124 - SmartPhoneScraper - DEBUG - Url request succeeded.
2021-08-03 09:04:43,125 - SmartPhoneScraper - DEBUG - Site request delay: 3
2021-08-03 09:04:46,131 - SmartPhoneScraper - INFO - Start url request 7 / 13: https://www.gsmarena.com/results.php3?nYearMin=2015&nYearMax=2015&sMakers=48&sAvailabilities=1,3&sFormFactors=1
2021-08-03 09:04:46,263 - SmartPhoneScraper - DEBUG - Url request succeeded.
2021-08-03 09:04:46,264 - SmartPhoneScraper - DEBUG - Site request delay: 3
2021-08-03 09:04:49,272 - SmartPhoneScraper - INFO - Start url request 8 / 13: https://www.gsmarena.com/results.php3?nYearMin=2016&nYearMax=2016&sMakers=48&sAvailabilities=1,3&sFormFactors=1
2021-08-03 09:04:49,407 - SmartPhoneScraper - DEBUG - Url request succeeded.
2021-08-03 09:04:49,407 - SmartPhoneScraper - DEBUG - Site request delay: 3
2021-08-03 09:04:52,420 - SmartPhoneScraper - INFO - Start url request 9 / 13: https://www.gsmarena.com/results.php3?nYearMin=2017&nYearMax=2017&sMakers=48&sAvailabilities=1,3&sFormFactors=1
2021-08-03 09:04:52,589 - SmartPhoneScraper - DEBUG - Url request succeeded.
2021-08-03 09:04:52,589 - SmartPhoneScraper - DEBUG - Site request delay: 3
2021-08-03 09:04:55,590 - SmartPhoneScraper - INFO - Start url request 10 / 13: https://www.gsmarena.com/results.php3?nYearMin=2018&nYearMax=2018&sMakers=48&sAvailabilities=1,3&sFormFactors=1
2021-08-03 09:04:55,755 - SmartPhoneScraper - DEBUG - Url request succeeded.
2021-08-03 09:04:55,755 - SmartPhoneScraper - DEBUG - Site request delay: 3
2021-08-03 09:04:58,762 - SmartPhoneScraper - INFO - Start url request 11 / 13: https://www.gsmarena.com/results.php3?nYearMin=2019&nYearMax=2019&sMakers=48&sAvailabilities=1,3&sFormFactors=1
2021-08-03 09:04:58,918 - SmartPhoneScraper - DEBUG - Url request succeeded.
2021-08-03 09:04:58,918 - SmartPhoneScraper - DEBUG - Site request delay: 3
2021-08-03 09:05:01,923 - SmartPhoneScraper - INFO - Start url request 12 / 13: https://www.gsmarena.com/results.php3?nYearMin=2020&nYearMax=2020&sMakers=48&sAvailabilities=1,3&sFormFactors=1
2021-08-03 09:05:02,104 - SmartPhoneScraper - DEBUG - Url request succeeded.
2021-08-03 09:05:02,104 - SmartPhoneScraper - DEBUG - Site request delay: 3
2021-08-03 09:05:05,105 - SmartPhoneScraper - INFO - Start url request 13 / 13: https://www.gsmarena.com/results.php3?nYearMin=2021&nYearMax=2021&sMakers=48&sAvailabilities=1,3&sFormFactors=1
2021-08-03 09:05:05,272 - SmartPhoneScraper - DEBUG - Url request succeeded.
2021-08-03 09:05:05,272 - SmartPhoneScraper - DEBUG - Site request delay: 3
2021-08-03 09:05:08,279 - SmartPhoneScraper - INFO - Got 13 search pages
2021-08-03 09:05:08,279 - SmartPhoneScraper - INFO - Start getting all smartphone links from the search pages.
2021-08-03 09:05:08,416 - SmartPhoneScraper - INFO - Prepared 28 smartphone links
2021-08-03 09:05:08,416 - SmartPhoneScraper - INFO - Start url request 1 / 28: https://www.gsmarena.com/apple_iphone_3gs-2826.php
2021-08-03 09:05:08,581 - SmartPhoneScraper - DEBUG - Url request succeeded.
2021-08-03 09:05:08,581 - SmartPhoneScraper - DEBUG - Site request delay: 3
2021-08-03 09:05:11,595 - SmartPhoneScraper - INFO - Start url request 2 / 28: https://www.gsmarena.com/apple_iphone_4-3275.php
2021-08-03 09:05:11,785 - SmartPhoneScraper - DEBUG - Url request succeeded.
2021-08-03 09:05:11,786 - SmartPhoneScraper - DEBUG - Site request delay: 3
2021-08-03 09:05:14,786 - SmartPhoneScraper - INFO - Start url request 3 / 28: https://www.gsmarena.com/apple_iphone_4s-4212.php
2021-08-03 09:05:15,012 - SmartPhoneScraper - DEBUG - Url request succeeded.
2021-08-03 09:05:15,012 - SmartPhoneScraper - DEBUG - Site request delay: 3
2021-08-03 09:05:18,014 - SmartPhoneScraper - INFO - Start url request 4 / 28: https://www.gsmarena.com/apple_iphone_4_cdma-3716.php
2021-08-03 09:05:18,194 - SmartPhoneScraper - DEBUG - Url request succeeded.
2021-08-03 09:05:18,194 - SmartPhoneScraper - DEBUG - Site request delay: 3
2021-08-03 09:05:21,202 - SmartPhoneScraper - INFO - Start url request 5 / 28: https://www.gsmarena.com/apple_iphone_5-4910.php
2021-08-03 09:05:21,384 - SmartPhoneScraper - DEBUG - Url request succeeded.
2021-08-03 09:05:21,384 - SmartPhoneScraper - DEBUG - Site request delay: 3
2021-08-03 09:05:24,398 - SmartPhoneScraper - INFO - Start url request 6 / 28: https://www.gsmarena.com/apple_iphone_5s-5685.php
2021-08-03 09:05:24,650 - SmartPhoneScraper - DEBUG - Url request succeeded.
2021-08-03 09:05:24,651 - SmartPhoneScraper - DEBUG - Site request delay: 3
2021-08-03 09:05:27,658 - SmartPhoneScraper - INFO - Start url request 7 / 28: https://www.gsmarena.com/apple_iphone_5c-5690.php
2021-08-03 09:05:27,820 - SmartPhoneScraper - DEBUG - Url request succeeded.
2021-08-03 09:05:27,821 - SmartPhoneScraper - DEBUG - Site request delay: 3
2021-08-03 09:05:30,836 - SmartPhoneScraper - INFO - Start url request 8 / 28: https://www.gsmarena.com/apple_iphone_6-6378.php
2021-08-03 09:05:31,025 - SmartPhoneScraper - DEBUG - Url request succeeded.
2021-08-03 09:05:31,025 - SmartPhoneScraper - DEBUG - Site request delay: 3
2021-08-03 09:05:34,032 - SmartPhoneScraper - INFO - Start url request 9 / 28: https://www.gsmarena.com/apple_iphone_6_plus-6665.php
2021-08-03 09:05:34,210 - SmartPhoneScraper - DEBUG - Url request succeeded.
2021-08-03 09:05:34,211 - SmartPhoneScraper - DEBUG - Site request delay: 3
2021-08-03 09:05:37,216 - SmartPhoneScraper - INFO - Start url request 10 / 28: https://www.gsmarena.com/apple_iphone_6s-7242.php
2021-08-03 09:05:37,424 - SmartPhoneScraper - DEBUG - Url request succeeded.
2021-08-03 09:05:37,424 - SmartPhoneScraper - DEBUG - Site request delay: 3
2021-08-03 09:05:40,439 - SmartPhoneScraper - INFO - Start url request 11 / 28: https://www.gsmarena.com/apple_iphone_6s_plus-7243.php
2021-08-03 09:05:40,616 - SmartPhoneScraper - DEBUG - Url request succeeded.
2021-08-03 09:05:40,617 - SmartPhoneScraper - DEBUG - Site request delay: 3
2021-08-03 09:05:43,628 - SmartPhoneScraper - INFO - Start url request 12 / 28: https://www.gsmarena.com/apple_iphone_7-8064.php
2021-08-03 09:05:44,087 - SmartPhoneScraper - DEBUG - Url request succeeded.
2021-08-03 09:05:44,087 - SmartPhoneScraper - DEBUG - Site request delay: 3
2021-08-03 09:05:47,091 - SmartPhoneScraper - INFO - Start url request 13 / 28: https://www.gsmarena.com/apple_iphone_7_plus-8065.php
2021-08-03 09:05:47,360 - SmartPhoneScraper - DEBUG - Url request succeeded.
2021-08-03 09:05:47,360 - SmartPhoneScraper - DEBUG - Site request delay: 3
2021-08-03 09:05:50,362 - SmartPhoneScraper - INFO - Start url request 14 / 28: https://www.gsmarena.com/apple_iphone_se-7969.php
2021-08-03 09:05:50,593 - SmartPhoneScraper - DEBUG - Url request succeeded.
2021-08-03 09:05:50,593 - SmartPhoneScraper - DEBUG - Site request delay: 3
2021-08-03 09:05:53,603 - SmartPhoneScraper - INFO - Start url request 15 / 28: https://www.gsmarena.com/apple_iphone_8_plus-8131.php
2021-08-03 09:05:53,911 - SmartPhoneScraper - DEBUG - Url request succeeded.
2021-08-03 09:05:53,912 - SmartPhoneScraper - DEBUG - Site request delay: 3
2021-08-03 09:05:56,923 - SmartPhoneScraper - INFO - Start url request 16 / 28: https://www.gsmarena.com/apple_iphone_x-8858.php
2021-08-03 09:05:57,179 - SmartPhoneScraper - DEBUG - Url request succeeded.
2021-08-03 09:05:57,179 - SmartPhoneScraper - DEBUG - Site request delay: 3
2021-08-03 09:06:00,184 - SmartPhoneScraper - INFO - Start url request 17 / 28: https://www.gsmarena.com/apple_iphone_8-8573.php
2021-08-03 09:06:00,987 - SmartPhoneScraper - DEBUG - Url request succeeded.
2021-08-03 09:06:00,988 - SmartPhoneScraper - DEBUG - Site request delay: 3
2021-08-03 09:06:03,989 - SmartPhoneScraper - INFO - Start url request 18 / 28: https://www.gsmarena.com/apple_iphone_xr-9320.php
2021-08-03 09:06:04,277 - SmartPhoneScraper - DEBUG - Url request succeeded.
2021-08-03 09:06:04,277 - SmartPhoneScraper - DEBUG - Site request delay: 3
2021-08-03 09:06:07,282 - SmartPhoneScraper - INFO - Start url request 19 / 28: https://www.gsmarena.com/apple_iphone_xs_max-9319.php
2021-08-03 09:06:07,555 - SmartPhoneScraper - DEBUG - Url request succeeded.
2021-08-03 09:06:07,555 - SmartPhoneScraper - DEBUG - Site request delay: 3
2021-08-03 09:06:10,557 - SmartPhoneScraper - INFO - Start url request 20 / 28: https://www.gsmarena.com/apple_iphone_xs-9318.php
2021-08-03 09:06:11,547 - SmartPhoneScraper - DEBUG - Url request succeeded.
2021-08-03 09:06:11,548 - SmartPhoneScraper - DEBUG - Site request delay: 3
2021-08-03 09:06:14,553 - SmartPhoneScraper - INFO - Start url request 21 / 28: https://www.gsmarena.com/apple_iphone_11-9848.php
2021-08-03 09:06:14,837 - SmartPhoneScraper - DEBUG - Url request succeeded.
2021-08-03 09:06:14,837 - SmartPhoneScraper - DEBUG - Site request delay: 3
2021-08-03 09:06:17,847 - SmartPhoneScraper - INFO - Start url request 22 / 28: https://www.gsmarena.com/apple_iphone_11_pro_max-9846.php
2021-08-03 09:06:18,124 - SmartPhoneScraper - DEBUG - Url request succeeded.
2021-08-03 09:06:18,124 - SmartPhoneScraper - DEBUG - Site request delay: 3
2021-08-03 09:06:21,127 - SmartPhoneScraper - INFO - Start url request 23 / 28: https://www.gsmarena.com/apple_iphone_11_pro-9847.php
2021-08-03 09:06:21,378 - SmartPhoneScraper - DEBUG - Url request succeeded.
2021-08-03 09:06:21,379 - SmartPhoneScraper - DEBUG - Site request delay: 3
2021-08-03 09:06:24,384 - SmartPhoneScraper - INFO - Start url request 24 / 28: https://www.gsmarena.com/apple_iphone_12_pro_max-10237.php
2021-08-03 09:06:24,684 - SmartPhoneScraper - DEBUG - Url request succeeded.
2021-08-03 09:06:24,684 - SmartPhoneScraper - DEBUG - Site request delay: 3
2021-08-03 09:06:27,692 - SmartPhoneScraper - INFO - Start url request 25 / 28: https://www.gsmarena.com/apple_iphone_12-10509.php
2021-08-03 09:06:27,966 - SmartPhoneScraper - DEBUG - Url request succeeded.
2021-08-03 09:06:27,967 - SmartPhoneScraper - DEBUG - Site request delay: 3
2021-08-03 09:06:30,972 - SmartPhoneScraper - INFO - Start url request 26 / 28: https://www.gsmarena.com/apple_iphone_12_pro-10508.php
2021-08-03 09:06:31,234 - SmartPhoneScraper - DEBUG - Url request succeeded.
2021-08-03 09:06:31,234 - SmartPhoneScraper - DEBUG - Site request delay: 3
2021-08-03 09:06:34,242 - SmartPhoneScraper - INFO - Start url request 27 / 28: https://www.gsmarena.com/apple_iphone_12_mini-10510.php
2021-08-03 09:06:34,473 - SmartPhoneScraper - DEBUG - Url request succeeded.
2021-08-03 09:06:34,473 - SmartPhoneScraper - DEBUG - Site request delay: 3
2021-08-03 09:06:37,476 - SmartPhoneScraper - INFO - Start url request 28 / 28: https://www.gsmarena.com/apple_iphone_se_(2020)-10170.php
2021-08-03 09:06:37,699 - SmartPhoneScraper - DEBUG - Url request succeeded.
2021-08-03 09:06:37,699 - SmartPhoneScraper - DEBUG - Site request delay: 3
2021-08-03 09:06:40,702 - SmartPhoneScraper - INFO - Got 28 smartphone pages
2021-08-03 09:06:40,730 - SmartPhoneScraper - INFO - Extract Apple iPhone 3GS data from https://www.gsmarena.com/apple_iphone_3gs-2826.php
2021-08-03 09:06:40,731 - SmartPhoneScraper - DEBUG - Extract Apple iPhone 3GS: Network
2021-08-03 09:06:40,731 - SmartPhoneScraper - DEBUG - Extract Apple iPhone 3GS: Launch
2021-08-03 09:06:40,731 - SmartPhoneScraper - DEBUG - Extract Apple iPhone 3GS: Body
2021-08-03 09:06:40,732 - SmartPhoneScraper - DEBUG - Extract Apple iPhone 3GS: Display
2021-08-03 09:06:40,732 - SmartPhoneScraper - DEBUG - Extract Apple iPhone 3GS: Platform
2021-08-03 09:06:40,733 - SmartPhoneScraper - DEBUG - Extract Apple iPhone 3GS: Memory
2021-08-03 09:06:40,733 - SmartPhoneScraper - DEBUG - Extract Apple iPhone 3GS: Main Camera
2021-08-03 09:06:40,733 - SmartPhoneScraper - DEBUG - Extract Apple iPhone 3GS: Selfie camera
2021-08-03 09:06:40,733 - SmartPhoneScraper - DEBUG - Extract Apple iPhone 3GS: Sound
2021-08-03 09:06:40,733 - SmartPhoneScraper - DEBUG - Extract Apple iPhone 3GS: Comms
2021-08-03 09:06:40,733 - SmartPhoneScraper - DEBUG - Extract Apple iPhone 3GS: Features
2021-08-03 09:06:40,734 - SmartPhoneScraper - DEBUG - Extract Apple iPhone 3GS: Battery
2021-08-03 09:06:40,735 - SmartPhoneScraper - DEBUG - Extract Apple iPhone 3GS: Misc
2021-08-03 09:06:40,735 - SmartPhoneScraper - DEBUG - Extract Apple iPhone 3GS: Tests
2021-08-03 09:06:40,760 - SmartPhoneScraper - INFO - Extract Apple iPhone 4 data from https://www.gsmarena.com/apple_iphone_4-3275.php
2021-08-03 09:06:40,761 - SmartPhoneScraper - DEBUG - Extract Apple iPhone 4: Network
2021-08-03 09:06:40,761 - SmartPhoneScraper - DEBUG - Extract Apple iPhone 4: Launch
2021-08-03 09:06:40,761 - SmartPhoneScraper - DEBUG - Extract Apple iPhone 4: Body
2021-08-03 09:06:40,761 - SmartPhoneScraper - DEBUG - Extract Apple iPhone 4: Display
2021-08-03 09:06:40,762 - SmartPhoneScraper - DEBUG - Extract Apple iPhone 4: Platform
2021-08-03 09:06:40,762 - SmartPhoneScraper - DEBUG - Extract Apple iPhone 4: Memory
2021-08-03 09:06:40,762 - SmartPhoneScraper - DEBUG - Extract Apple iPhone 4: Main Camera
2021-08-03 09:06:40,762 - SmartPhoneScraper - DEBUG - Extract Apple iPhone 4: Selfie camera
2021-08-03 09:06:40,762 - SmartPhoneScraper - DEBUG - Extract Apple iPhone 4: Sound
2021-08-03 09:06:40,763 - SmartPhoneScraper - DEBUG - Extract Apple iPhone 4: Comms
2021-08-03 09:06:40,763 - SmartPhoneScraper - DEBUG - Extract Apple iPhone 4: Features
2021-08-03 09:06:40,763 - SmartPhoneScraper - DEBUG - Extract Apple iPhone 4: Battery
2021-08-03 09:06:40,763 - SmartPhoneScraper - DEBUG - Extract Apple iPhone 4: Misc
2021-08-03 09:06:40,764 - SmartPhoneScraper - DEBUG - Extract Apple iPhone 4: Tests
2021-08-03 09:06:40,791 - SmartPhoneScraper - INFO - Extract Apple iPhone 4s data from https://www.gsmarena.com/apple_iphone_4s-4212.php
2021-08-03 09:06:40,792 - SmartPhoneScraper - DEBUG - Extract Apple iPhone 4s: Network
2021-08-03 09:06:40,792 - SmartPhoneScraper - DEBUG - Extract Apple iPhone 4s: Launch
2021-08-03 09:06:40,792 - SmartPhoneScraper - DEBUG - Extract Apple iPhone 4s: Body
2021-08-03 09:06:40,792 - SmartPhoneScraper - DEBUG - Extract Apple iPhone 4s: Display
2021-08-03 09:06:40,793 - SmartPhoneScraper - DEBUG - Extract Apple iPhone 4s: Platform
2021-08-03 09:06:40,793 - SmartPhoneScraper - DEBUG - Extract Apple iPhone 4s: Memory
2021-08-03 09:06:40,793 - SmartPhoneScraper - DEBUG - Extract Apple iPhone 4s: Main Camera
2021-08-03 09:06:40,793 - SmartPhoneScraper - DEBUG - Extract Apple iPhone 4s: Selfie camera
2021-08-03 09:06:40,794 - SmartPhoneScraper - DEBUG - Extract Apple iPhone 4s: Sound
2021-08-03 09:06:40,794 - SmartPhoneScraper - DEBUG - Extract Apple iPhone 4s: Comms
2021-08-03 09:06:40,794 - SmartPhoneScraper - DEBUG - Extract Apple iPhone 4s: Features
2021-08-03 09:06:40,794 - SmartPhoneScraper - DEBUG - Extract Apple iPhone 4s: Battery
2021-08-03 09:06:40,794 - SmartPhoneScraper - DEBUG - Extract Apple iPhone 4s: Misc
2021-08-03 09:06:40,795 - SmartPhoneScraper - DEBUG - Extract Apple iPhone 4s: Tests
2021-08-03 09:06:40,841 - SmartPhoneScraper - INFO - Extract Apple iPhone 4 CDMA data from https://www.gsmarena.com/apple_iphone_4_cdma-3716.php
2021-08-03 09:06:40,841 - SmartPhoneScraper - DEBUG - Extract Apple iPhone 4 CDMA: Network
2021-08-03 09:06:40,842 - SmartPhoneScraper - DEBUG - Extract Apple iPhone 4 CDMA: Launch
2021-08-03 09:06:40,842 - SmartPhoneScraper - DEBUG - Extract Apple iPhone 4 CDMA: Body
2021-08-03 09:06:40,842 - SmartPhoneScraper - DEBUG - Extract Apple iPhone 4 CDMA: Display
2021-08-03 09:06:40,842 - SmartPhoneScraper - DEBUG - Extract Apple iPhone 4 CDMA: Platform
2021-08-03 09:06:40,842 - SmartPhoneScraper - DEBUG - Extract Apple iPhone 4 CDMA: Memory
2021-08-03 09:06:40,843 - SmartPhoneScraper - DEBUG - Extract Apple iPhone 4 CDMA: Main Camera
2021-08-03 09:06:40,843 - SmartPhoneScraper - DEBUG - Extract Apple iPhone 4 CDMA: Selfie camera
2021-08-03 09:06:40,843 - SmartPhoneScraper - DEBUG - Extract Apple iPhone 4 CDMA: Sound
2021-08-03 09:06:40,843 - SmartPhoneScraper - DEBUG - Extract Apple iPhone 4 CDMA: Comms
2021-08-03 09:06:40,843 - SmartPhoneScraper - DEBUG - Extract Apple iPhone 4 CDMA: Features
2021-08-03 09:06:40,844 - SmartPhoneScraper - DEBUG - Extract Apple iPhone 4 CDMA: Battery
2021-08-03 09:06:40,844 - SmartPhoneScraper - DEBUG - Extract Apple iPhone 4 CDMA: Misc
2021-08-03 09:06:40,883 - SmartPhoneScraper - INFO - Extract Apple iPhone 5 data from https://www.gsmarena.com/apple_iphone_5-4910.php
2021-08-03 09:06:40,884 - SmartPhoneScraper - DEBUG - Extract Apple iPhone 5: Network
2021-08-03 09:06:40,885 - SmartPhoneScraper - DEBUG - Extract Apple iPhone 5: Launch
2021-08-03 09:06:40,885 - SmartPhoneScraper - DEBUG - Extract Apple iPhone 5: Body
2021-08-03 09:06:40,886 - SmartPhoneScraper - DEBUG - Extract Apple iPhone 5: Display
2021-08-03 09:06:40,886 - SmartPhoneScraper - DEBUG - Extract Apple iPhone 5: Platform
2021-08-03 09:06:40,886 - SmartPhoneScraper - DEBUG - Extract Apple iPhone 5: Memory
2021-08-03 09:06:40,887 - SmartPhoneScraper - DEBUG - Extract Apple iPhone 5: Main Camera
2021-08-03 09:06:40,887 - SmartPhoneScraper - DEBUG - Extract Apple iPhone 5: Selfie camera
2021-08-03 09:06:40,887 - SmartPhoneScraper - DEBUG - Extract Apple iPhone 5: Sound
2021-08-03 09:06:40,887 - SmartPhoneScraper - DEBUG - Extract Apple iPhone 5: Comms
2021-08-03 09:06:40,888 - SmartPhoneScraper - DEBUG - Extract Apple iPhone 5: Features
2021-08-03 09:06:40,888 - SmartPhoneScraper - DEBUG - Extract Apple iPhone 5: Battery
2021-08-03 09:06:40,888 - SmartPhoneScraper - DEBUG - Extract Apple iPhone 5: Misc
2021-08-03 09:06:40,889 - SmartPhoneScraper - DEBUG - Extract Apple iPhone 5: Tests
2021-08-03 09:06:40,916 - SmartPhoneScraper - INFO - Extract Apple iPhone 5s data from https://www.gsmarena.com/apple_iphone_5s-5685.php
2021-08-03 09:06:40,916 - SmartPhoneScraper - DEBUG - Extract Apple iPhone 5s: Network
2021-08-03 09:06:40,917 - SmartPhoneScraper - DEBUG - Extract Apple iPhone 5s: Launch
2021-08-03 09:06:40,917 - SmartPhoneScraper - DEBUG - Extract Apple iPhone 5s: Body
2021-08-03 09:06:40,917 - SmartPhoneScraper - DEBUG - Extract Apple iPhone 5s: Display
2021-08-03 09:06:40,918 - SmartPhoneScraper - DEBUG - Extract Apple iPhone 5s: Platform
2021-08-03 09:06:40,918 - SmartPhoneScraper - DEBUG - Extract Apple iPhone 5s: Memory
2021-08-03 09:06:40,918 - SmartPhoneScraper - DEBUG - Extract Apple iPhone 5s: Main Camera
2021-08-03 09:06:40,918 - SmartPhoneScraper - DEBUG - Extract Apple iPhone 5s: Selfie camera
2021-08-03 09:06:40,919 - SmartPhoneScraper - DEBUG - Extract Apple iPhone 5s: Sound
2021-08-03 09:06:40,919 - SmartPhoneScraper - DEBUG - Extract Apple iPhone 5s: Comms
2021-08-03 09:06:40,919 - SmartPhoneScraper - DEBUG - Extract Apple iPhone 5s: Features
2021-08-03 09:06:40,919 - SmartPhoneScraper - DEBUG - Extract Apple iPhone 5s: Battery
2021-08-03 09:06:40,919 - SmartPhoneScraper - DEBUG - Extract Apple iPhone 5s: Misc
2021-08-03 09:06:40,920 - SmartPhoneScraper - DEBUG - Extract Apple iPhone 5s: Tests
2021-08-03 09:06:40,948 - SmartPhoneScraper - INFO - Extract Apple iPhone 5c data from https://www.gsmarena.com/apple_iphone_5c-5690.php
2021-08-03 09:06:40,948 - SmartPhoneScraper - DEBUG - Extract Apple iPhone 5c: Network
2021-08-03 09:06:40,949 - SmartPhoneScraper - DEBUG - Extract Apple iPhone 5c: Launch
2021-08-03 09:06:40,950 - SmartPhoneScraper - DEBUG - Extract Apple iPhone 5c: Body
2021-08-03 09:06:40,950 - SmartPhoneScraper - DEBUG - Extract Apple iPhone 5c: Display
2021-08-03 09:06:40,950 - SmartPhoneScraper - DEBUG - Extract Apple iPhone 5c: Platform
2021-08-03 09:06:40,950 - SmartPhoneScraper - DEBUG - Extract Apple iPhone 5c: Memory
2021-08-03 09:06:40,950 - SmartPhoneScraper - DEBUG - Extract Apple iPhone 5c: Main Camera
2021-08-03 09:06:40,951 - SmartPhoneScraper - DEBUG - Extract Apple iPhone 5c: Selfie camera
2021-08-03 09:06:40,951 - SmartPhoneScraper - DEBUG - Extract Apple iPhone 5c: Sound
2021-08-03 09:06:40,951 - SmartPhoneScraper - DEBUG - Extract Apple iPhone 5c: Comms
2021-08-03 09:06:40,951 - SmartPhoneScraper - DEBUG - Extract Apple iPhone 5c: Features
2021-08-03 09:06:40,951 - SmartPhoneScraper - DEBUG - Extract Apple iPhone 5c: Battery
2021-08-03 09:06:40,952 - SmartPhoneScraper - DEBUG - Extract Apple iPhone 5c: Misc
2021-08-03 09:06:40,952 - SmartPhoneScraper - DEBUG - Extract Apple iPhone 5c: Tests
2021-08-03 09:06:40,981 - SmartPhoneScraper - INFO - Extract Apple iPhone 6 data from https://www.gsmarena.com/apple_iphone_6-6378.php
2021-08-03 09:06:40,982 - SmartPhoneScraper - DEBUG - Extract Apple iPhone 6: Network
2021-08-03 09:06:40,983 - SmartPhoneScraper - DEBUG - Extract Apple iPhone 6: Launch
2021-08-03 09:06:40,983 - SmartPhoneScraper - DEBUG - Extract Apple iPhone 6: Body
2021-08-03 09:06:40,983 - SmartPhoneScraper - DEBUG - Extract Apple iPhone 6: Display
2021-08-03 09:06:40,984 - SmartPhoneScraper - DEBUG - Extract Apple iPhone 6: Platform
2021-08-03 09:06:40,984 - SmartPhoneScraper - DEBUG - Extract Apple iPhone 6: Memory
2021-08-03 09:06:40,984 - SmartPhoneScraper - DEBUG - Extract Apple iPhone 6: Main Camera
2021-08-03 09:06:40,984 - SmartPhoneScraper - DEBUG - Extract Apple iPhone 6: Selfie camera
2021-08-03 09:06:40,985 - SmartPhoneScraper - DEBUG - Extract Apple iPhone 6: Sound
2021-08-03 09:06:40,985 - SmartPhoneScraper - DEBUG - Extract Apple iPhone 6: Comms
2021-08-03 09:06:40,985 - SmartPhoneScraper - DEBUG - Extract Apple iPhone 6: Features
2021-08-03 09:06:40,985 - SmartPhoneScraper - DEBUG - Extract Apple iPhone 6: Battery
2021-08-03 09:06:40,986 - SmartPhoneScraper - DEBUG - Extract Apple iPhone 6: Misc
2021-08-03 09:06:40,986 - SmartPhoneScraper - DEBUG - Extract Apple iPhone 6: Tests
2021-08-03 09:06:41,016 - SmartPhoneScraper - INFO - Extract Apple iPhone 6 Plus data from https://www.gsmarena.com/apple_iphone_6_plus-6665.php
2021-08-03 09:06:41,016 - SmartPhoneScraper - DEBUG - Extract Apple iPhone 6 Plus: Network
2021-08-03 09:06:41,017 - SmartPhoneScraper - DEBUG - Extract Apple iPhone 6 Plus: Launch
2021-08-03 09:06:41,017 - SmartPhoneScraper - DEBUG - Extract Apple iPhone 6 Plus: Body
2021-08-03 09:06:41,017 - SmartPhoneScraper - DEBUG - Extract Apple iPhone 6 Plus: Display
2021-08-03 09:06:41,017 - SmartPhoneScraper - DEBUG - Extract Apple iPhone 6 Plus: Platform
2021-08-03 09:06:41,018 - SmartPhoneScraper - DEBUG - Extract Apple iPhone 6 Plus: Memory
2021-08-03 09:06:41,018 - SmartPhoneScraper - DEBUG - Extract Apple iPhone 6 Plus: Main Camera
2021-08-03 09:06:41,018 - SmartPhoneScraper - DEBUG - Extract Apple iPhone 6 Plus: Selfie camera
2021-08-03 09:06:41,018 - SmartPhoneScraper - DEBUG - Extract Apple iPhone 6 Plus: Sound
2021-08-03 09:06:41,019 - SmartPhoneScraper - DEBUG - Extract Apple iPhone 6 Plus: Comms
2021-08-03 09:06:41,019 - SmartPhoneScraper - DEBUG - Extract Apple iPhone 6 Plus: Features
2021-08-03 09:06:41,020 - SmartPhoneScraper - DEBUG - Extract Apple iPhone 6 Plus: Battery
2021-08-03 09:06:41,020 - SmartPhoneScraper - DEBUG - Extract Apple iPhone 6 Plus: Misc
2021-08-03 09:06:41,021 - SmartPhoneScraper - DEBUG - Extract Apple iPhone 6 Plus: Tests
2021-08-03 09:06:41,053 - SmartPhoneScraper - INFO - Extract Apple iPhone 6s data from https://www.gsmarena.com/apple_iphone_6s-7242.php
2021-08-03 09:06:41,054 - SmartPhoneScraper - DEBUG - Extract Apple iPhone 6s: Network
2021-08-03 09:06:41,054 - SmartPhoneScraper - DEBUG - Extract Apple iPhone 6s: Launch
2021-08-03 09:06:41,054 - SmartPhoneScraper - DEBUG - Extract Apple iPhone 6s: Body
2021-08-03 09:06:41,055 - SmartPhoneScraper - DEBUG - Extract Apple iPhone 6s: Display
2021-08-03 09:06:41,055 - SmartPhoneScraper - DEBUG - Extract Apple iPhone 6s: Platform
2021-08-03 09:06:41,055 - SmartPhoneScraper - DEBUG - Extract Apple iPhone 6s: Memory
2021-08-03 09:06:41,055 - SmartPhoneScraper - DEBUG - Extract Apple iPhone 6s: Main Camera
2021-08-03 09:06:41,056 - SmartPhoneScraper - DEBUG - Extract Apple iPhone 6s: Selfie camera
2021-08-03 09:06:41,056 - SmartPhoneScraper - DEBUG - Extract Apple iPhone 6s: Sound
2021-08-03 09:06:41,056 - SmartPhoneScraper - DEBUG - Extract Apple iPhone 6s: Comms
2021-08-03 09:06:41,056 - SmartPhoneScraper - DEBUG - Extract Apple iPhone 6s: Features
2021-08-03 09:06:41,057 - SmartPhoneScraper - DEBUG - Extract Apple iPhone 6s: Battery
2021-08-03 09:06:41,057 - SmartPhoneScraper - DEBUG - Extract Apple iPhone 6s: Misc
2021-08-03 09:06:41,057 - SmartPhoneScraper - DEBUG - Extract Apple iPhone 6s: Tests
2021-08-03 09:06:41,086 - SmartPhoneScraper - INFO - Extract Apple iPhone 6s Plus data from https://www.gsmarena.com/apple_iphone_6s_plus-7243.php
2021-08-03 09:06:41,087 - SmartPhoneScraper - DEBUG - Extract Apple iPhone 6s Plus: Network
2021-08-03 09:06:41,087 - SmartPhoneScraper - DEBUG - Extract Apple iPhone 6s Plus: Launch
2021-08-03 09:06:41,087 - SmartPhoneScraper - DEBUG - Extract Apple iPhone 6s Plus: Body
2021-08-03 09:06:41,088 - SmartPhoneScraper - DEBUG - Extract Apple iPhone 6s Plus: Display
2021-08-03 09:06:41,088 - SmartPhoneScraper - DEBUG - Extract Apple iPhone 6s Plus: Platform
2021-08-03 09:06:41,088 - SmartPhoneScraper - DEBUG - Extract Apple iPhone 6s Plus: Memory
2021-08-03 09:06:41,088 - SmartPhoneScraper - DEBUG - Extract Apple iPhone 6s Plus: Main Camera
2021-08-03 09:06:41,088 - SmartPhoneScraper - DEBUG - Extract Apple iPhone 6s Plus: Selfie camera
2021-08-03 09:06:41,089 - SmartPhoneScraper - DEBUG - Extract Apple iPhone 6s Plus: Sound
2021-08-03 09:06:41,089 - SmartPhoneScraper - DEBUG - Extract Apple iPhone 6s Plus: Comms
2021-08-03 09:06:41,089 - SmartPhoneScraper - DEBUG - Extract Apple iPhone 6s Plus: Features
2021-08-03 09:06:41,089 - SmartPhoneScraper - DEBUG - Extract Apple iPhone 6s Plus: Battery
2021-08-03 09:06:41,090 - SmartPhoneScraper - DEBUG - Extract Apple iPhone 6s Plus: Misc
2021-08-03 09:06:41,090 - SmartPhoneScraper - DEBUG - Extract Apple iPhone 6s Plus: Tests
2021-08-03 09:06:41,117 - SmartPhoneScraper - INFO - Extract Apple iPhone 7 data from https://www.gsmarena.com/apple_iphone_7-8064.php
2021-08-03 09:06:41,118 - SmartPhoneScraper - DEBUG - Extract Apple iPhone 7: Network
2021-08-03 09:06:41,119 - SmartPhoneScraper - DEBUG - Extract Apple iPhone 7: Launch
2021-08-03 09:06:41,119 - SmartPhoneScraper - DEBUG - Extract Apple iPhone 7: Body
2021-08-03 09:06:41,119 - SmartPhoneScraper - DEBUG - Extract Apple iPhone 7: Display
2021-08-03 09:06:41,120 - SmartPhoneScraper - DEBUG - Extract Apple iPhone 7: Platform
2021-08-03 09:06:41,120 - SmartPhoneScraper - DEBUG - Extract Apple iPhone 7: Memory
2021-08-03 09:06:41,120 - SmartPhoneScraper - DEBUG - Extract Apple iPhone 7: Main Camera
2021-08-03 09:06:41,120 - SmartPhoneScraper - DEBUG - Extract Apple iPhone 7: Selfie camera
2021-08-03 09:06:41,120 - SmartPhoneScraper - DEBUG - Extract Apple iPhone 7: Sound
2021-08-03 09:06:41,121 - SmartPhoneScraper - DEBUG - Extract Apple iPhone 7: Comms
2021-08-03 09:06:41,121 - SmartPhoneScraper - DEBUG - Extract Apple iPhone 7: Features
2021-08-03 09:06:41,121 - SmartPhoneScraper - DEBUG - Extract Apple iPhone 7: Battery
2021-08-03 09:06:41,121 - SmartPhoneScraper - DEBUG - Extract Apple iPhone 7: Misc
2021-08-03 09:06:41,122 - SmartPhoneScraper - DEBUG - Extract Apple iPhone 7: Tests
2021-08-03 09:06:41,150 - SmartPhoneScraper - INFO - Extract Apple iPhone 7 Plus data from https://www.gsmarena.com/apple_iphone_7_plus-8065.php
2021-08-03 09:06:41,151 - SmartPhoneScraper - DEBUG - Extract Apple iPhone 7 Plus: Network
2021-08-03 09:06:41,151 - SmartPhoneScraper - DEBUG - Extract Apple iPhone 7 Plus: Launch
2021-08-03 09:06:41,151 - SmartPhoneScraper - DEBUG - Extract Apple iPhone 7 Plus: Body
2021-08-03 09:06:41,152 - SmartPhoneScraper - DEBUG - Extract Apple iPhone 7 Plus: Display
2021-08-03 09:06:41,152 - SmartPhoneScraper - DEBUG - Extract Apple iPhone 7 Plus: Platform
2021-08-03 09:06:41,152 - SmartPhoneScraper - DEBUG - Extract Apple iPhone 7 Plus: Memory
2021-08-03 09:06:41,152 - SmartPhoneScraper - DEBUG - Extract Apple iPhone 7 Plus: Main Camera
2021-08-03 09:06:41,152 - SmartPhoneScraper - DEBUG - Extract Apple iPhone 7 Plus: Selfie camera
2021-08-03 09:06:41,153 - SmartPhoneScraper - DEBUG - Extract Apple iPhone 7 Plus: Sound
2021-08-03 09:06:41,153 - SmartPhoneScraper - DEBUG - Extract Apple iPhone 7 Plus: Comms
2021-08-03 09:06:41,153 - SmartPhoneScraper - DEBUG - Extract Apple iPhone 7 Plus: Features
2021-08-03 09:06:41,153 - SmartPhoneScraper - DEBUG - Extract Apple iPhone 7 Plus: Battery
2021-08-03 09:06:41,154 - SmartPhoneScraper - DEBUG - Extract Apple iPhone 7 Plus: Misc
2021-08-03 09:06:41,154 - SmartPhoneScraper - DEBUG - Extract Apple iPhone 7 Plus: Tests
2021-08-03 09:06:41,185 - SmartPhoneScraper - INFO - Extract Apple iPhone SE data from https://www.gsmarena.com/apple_iphone_se-7969.php
2021-08-03 09:06:41,185 - SmartPhoneScraper - DEBUG - Extract Apple iPhone SE: Network
2021-08-03 09:06:41,186 - SmartPhoneScraper - DEBUG - Extract Apple iPhone SE: Launch
2021-08-03 09:06:41,186 - SmartPhoneScraper - DEBUG - Extract Apple iPhone SE: Body
2021-08-03 09:06:41,186 - SmartPhoneScraper - DEBUG - Extract Apple iPhone SE: Display
2021-08-03 09:06:41,186 - SmartPhoneScraper - DEBUG - Extract Apple iPhone SE: Platform
2021-08-03 09:06:41,187 - SmartPhoneScraper - DEBUG - Extract Apple iPhone SE: Memory
2021-08-03 09:06:41,187 - SmartPhoneScraper - DEBUG - Extract Apple iPhone SE: Main Camera
2021-08-03 09:06:41,187 - SmartPhoneScraper - DEBUG - Extract Apple iPhone SE: Selfie camera
2021-08-03 09:06:41,187 - SmartPhoneScraper - DEBUG - Extract Apple iPhone SE: Sound
2021-08-03 09:06:41,187 - SmartPhoneScraper - DEBUG - Extract Apple iPhone SE: Comms
2021-08-03 09:06:41,188 - SmartPhoneScraper - DEBUG - Extract Apple iPhone SE: Features
2021-08-03 09:06:41,188 - SmartPhoneScraper - DEBUG - Extract Apple iPhone SE: Battery
2021-08-03 09:06:41,188 - SmartPhoneScraper - DEBUG - Extract Apple iPhone SE: Misc
2021-08-03 09:06:41,188 - SmartPhoneScraper - DEBUG - Extract Apple iPhone SE: Tests
2021-08-03 09:06:41,218 - SmartPhoneScraper - INFO - Extract Apple iPhone 8 Plus data from https://www.gsmarena.com/apple_iphone_8_plus-8131.php
2021-08-03 09:06:41,219 - SmartPhoneScraper - DEBUG - Extract Apple iPhone 8 Plus: Network
2021-08-03 09:06:41,219 - SmartPhoneScraper - DEBUG - Extract Apple iPhone 8 Plus: Launch
2021-08-03 09:06:41,219 - SmartPhoneScraper - DEBUG - Extract Apple iPhone 8 Plus: Body
2021-08-03 09:06:41,219 - SmartPhoneScraper - DEBUG - Extract Apple iPhone 8 Plus: Display
2021-08-03 09:06:41,220 - SmartPhoneScraper - DEBUG - Extract Apple iPhone 8 Plus: Platform
2021-08-03 09:06:41,220 - SmartPhoneScraper - DEBUG - Extract Apple iPhone 8 Plus: Memory
2021-08-03 09:06:41,220 - SmartPhoneScraper - DEBUG - Extract Apple iPhone 8 Plus: Main Camera
2021-08-03 09:06:41,220 - SmartPhoneScraper - DEBUG - Extract Apple iPhone 8 Plus: Selfie camera
2021-08-03 09:06:41,221 - SmartPhoneScraper - DEBUG - Extract Apple iPhone 8 Plus: Sound
2021-08-03 09:06:41,221 - SmartPhoneScraper - DEBUG - Extract Apple iPhone 8 Plus: Comms
2021-08-03 09:06:41,221 - SmartPhoneScraper - DEBUG - Extract Apple iPhone 8 Plus: Features
2021-08-03 09:06:41,221 - SmartPhoneScraper - DEBUG - Extract Apple iPhone 8 Plus: Battery
2021-08-03 09:06:41,222 - SmartPhoneScraper - DEBUG - Extract Apple iPhone 8 Plus: Misc
2021-08-03 09:06:41,222 - SmartPhoneScraper - DEBUG - Extract Apple iPhone 8 Plus: Tests
2021-08-03 09:06:41,259 - SmartPhoneScraper - INFO - Extract Apple iPhone X data from https://www.gsmarena.com/apple_iphone_x-8858.php
2021-08-03 09:06:41,262 - SmartPhoneScraper - DEBUG - Extract Apple iPhone X: Network
2021-08-03 09:06:41,263 - SmartPhoneScraper - DEBUG - Extract Apple iPhone X: Launch
2021-08-03 09:06:41,263 - SmartPhoneScraper - DEBUG - Extract Apple iPhone X: Body
2021-08-03 09:06:41,264 - SmartPhoneScraper - DEBUG - Extract Apple iPhone X: Display
2021-08-03 09:06:41,265 - SmartPhoneScraper - DEBUG - Extract Apple iPhone X: Platform
2021-08-03 09:06:41,265 - SmartPhoneScraper - DEBUG - Extract Apple iPhone X: Memory
2021-08-03 09:06:41,265 - SmartPhoneScraper - DEBUG - Extract Apple iPhone X: Main Camera
2021-08-03 09:06:41,266 - SmartPhoneScraper - DEBUG - Extract Apple iPhone X: Selfie camera
2021-08-03 09:06:41,266 - SmartPhoneScraper - DEBUG - Extract Apple iPhone X: Sound
2021-08-03 09:06:41,266 - SmartPhoneScraper - DEBUG - Extract Apple iPhone X: Comms
2021-08-03 09:06:41,267 - SmartPhoneScraper - DEBUG - Extract Apple iPhone X: Features
2021-08-03 09:06:41,267 - SmartPhoneScraper - DEBUG - Extract Apple iPhone X: Battery
2021-08-03 09:06:41,267 - SmartPhoneScraper - DEBUG - Extract Apple iPhone X: Misc
2021-08-03 09:06:41,268 - SmartPhoneScraper - DEBUG - Extract Apple iPhone X: Tests
2021-08-03 09:06:41,303 - SmartPhoneScraper - INFO - Extract Apple iPhone 8 data from https://www.gsmarena.com/apple_iphone_8-8573.php
2021-08-03 09:06:41,304 - SmartPhoneScraper - DEBUG - Extract Apple iPhone 8: Network
2021-08-03 09:06:41,305 - SmartPhoneScraper - DEBUG - Extract Apple iPhone 8: Launch
2021-08-03 09:06:41,305 - SmartPhoneScraper - DEBUG - Extract Apple iPhone 8: Body
2021-08-03 09:06:41,306 - SmartPhoneScraper - DEBUG - Extract Apple iPhone 8: Display
2021-08-03 09:06:41,306 - SmartPhoneScraper - DEBUG - Extract Apple iPhone 8: Platform
2021-08-03 09:06:41,307 - SmartPhoneScraper - DEBUG - Extract Apple iPhone 8: Memory
2021-08-03 09:06:41,307 - SmartPhoneScraper - DEBUG - Extract Apple iPhone 8: Main Camera
2021-08-03 09:06:41,307 - SmartPhoneScraper - DEBUG - Extract Apple iPhone 8: Selfie camera
2021-08-03 09:06:41,308 - SmartPhoneScraper - DEBUG - Extract Apple iPhone 8: Sound
2021-08-03 09:06:41,308 - SmartPhoneScraper - DEBUG - Extract Apple iPhone 8: Comms
2021-08-03 09:06:41,308 - SmartPhoneScraper - DEBUG - Extract Apple iPhone 8: Features
2021-08-03 09:06:41,308 - SmartPhoneScraper - DEBUG - Extract Apple iPhone 8: Battery
2021-08-03 09:06:41,309 - SmartPhoneScraper - DEBUG - Extract Apple iPhone 8: Misc
2021-08-03 09:06:41,309 - SmartPhoneScraper - DEBUG - Extract Apple iPhone 8: Tests
2021-08-03 09:06:41,346 - SmartPhoneScraper - INFO - Extract Apple iPhone XR data from https://www.gsmarena.com/apple_iphone_xr-9320.php
2021-08-03 09:06:41,347 - SmartPhoneScraper - DEBUG - Extract Apple iPhone XR: Network
2021-08-03 09:06:41,348 - SmartPhoneScraper - DEBUG - Extract Apple iPhone XR: Launch
2021-08-03 09:06:41,348 - SmartPhoneScraper - DEBUG - Extract Apple iPhone XR: Body
2021-08-03 09:06:41,348 - SmartPhoneScraper - DEBUG - Extract Apple iPhone XR: Display
2021-08-03 09:06:41,349 - SmartPhoneScraper - DEBUG - Extract Apple iPhone XR: Platform
2021-08-03 09:06:41,349 - SmartPhoneScraper - DEBUG - Extract Apple iPhone XR: Memory
2021-08-03 09:06:41,349 - SmartPhoneScraper - DEBUG - Extract Apple iPhone XR: Main Camera
2021-08-03 09:06:41,350 - SmartPhoneScraper - DEBUG - Extract Apple iPhone XR: Selfie camera
2021-08-03 09:06:41,350 - SmartPhoneScraper - DEBUG - Extract Apple iPhone XR: Sound
2021-08-03 09:06:41,350 - SmartPhoneScraper - DEBUG - Extract Apple iPhone XR: Comms
2021-08-03 09:06:41,350 - SmartPhoneScraper - DEBUG - Extract Apple iPhone XR: Features
2021-08-03 09:06:41,351 - SmartPhoneScraper - DEBUG - Extract Apple iPhone XR: Battery
2021-08-03 09:06:41,351 - SmartPhoneScraper - DEBUG - Extract Apple iPhone XR: Misc
2021-08-03 09:06:41,351 - SmartPhoneScraper - DEBUG - Extract Apple iPhone XR: Tests
2021-08-03 09:06:41,389 - SmartPhoneScraper - INFO - Extract Apple iPhone XS Max data from https://www.gsmarena.com/apple_iphone_xs_max-9319.php
2021-08-03 09:06:41,390 - SmartPhoneScraper - DEBUG - Extract Apple iPhone XS Max: Network
2021-08-03 09:06:41,390 - SmartPhoneScraper - DEBUG - Extract Apple iPhone XS Max: Launch
2021-08-03 09:06:41,390 - SmartPhoneScraper - DEBUG - Extract Apple iPhone XS Max: Body
2021-08-03 09:06:41,390 - SmartPhoneScraper - DEBUG - Extract Apple iPhone XS Max: Display
2021-08-03 09:06:41,391 - SmartPhoneScraper - DEBUG - Extract Apple iPhone XS Max: Platform
2021-08-03 09:06:41,392 - SmartPhoneScraper - DEBUG - Extract Apple iPhone XS Max: Memory
2021-08-03 09:06:41,392 - SmartPhoneScraper - DEBUG - Extract Apple iPhone XS Max: Main Camera
2021-08-03 09:06:41,392 - SmartPhoneScraper - DEBUG - Extract Apple iPhone XS Max: Selfie camera
2021-08-03 09:06:41,392 - SmartPhoneScraper - DEBUG - Extract Apple iPhone XS Max: Sound
2021-08-03 09:06:41,392 - SmartPhoneScraper - DEBUG - Extract Apple iPhone XS Max: Comms
2021-08-03 09:06:41,393 - SmartPhoneScraper - DEBUG - Extract Apple iPhone XS Max: Features
2021-08-03 09:06:41,393 - SmartPhoneScraper - DEBUG - Extract Apple iPhone XS Max: Battery
2021-08-03 09:06:41,393 - SmartPhoneScraper - DEBUG - Extract Apple iPhone XS Max: Misc
2021-08-03 09:06:41,393 - SmartPhoneScraper - DEBUG - Extract Apple iPhone XS Max: Tests
2021-08-03 09:06:41,429 - SmartPhoneScraper - INFO - Extract Apple iPhone XS data from https://www.gsmarena.com/apple_iphone_xs-9318.php
2021-08-03 09:06:41,429 - SmartPhoneScraper - DEBUG - Extract Apple iPhone XS: Network
2021-08-03 09:06:41,430 - SmartPhoneScraper - DEBUG - Extract Apple iPhone XS: Launch
2021-08-03 09:06:41,430 - SmartPhoneScraper - DEBUG - Extract Apple iPhone XS: Body
2021-08-03 09:06:41,430 - SmartPhoneScraper - DEBUG - Extract Apple iPhone XS: Display
2021-08-03 09:06:41,431 - SmartPhoneScraper - DEBUG - Extract Apple iPhone XS: Platform
2021-08-03 09:06:41,431 - SmartPhoneScraper - DEBUG - Extract Apple iPhone XS: Memory
2021-08-03 09:06:41,431 - SmartPhoneScraper - DEBUG - Extract Apple iPhone XS: Main Camera
2021-08-03 09:06:41,431 - SmartPhoneScraper - DEBUG - Extract Apple iPhone XS: Selfie camera
2021-08-03 09:06:41,431 - SmartPhoneScraper - DEBUG - Extract Apple iPhone XS: Sound
2021-08-03 09:06:41,432 - SmartPhoneScraper - DEBUG - Extract Apple iPhone XS: Comms
2021-08-03 09:06:41,432 - SmartPhoneScraper - DEBUG - Extract Apple iPhone XS: Features
2021-08-03 09:06:41,433 - SmartPhoneScraper - DEBUG - Extract Apple iPhone XS: Battery
2021-08-03 09:06:41,434 - SmartPhoneScraper - DEBUG - Extract Apple iPhone XS: Misc
2021-08-03 09:06:41,434 - SmartPhoneScraper - DEBUG - Extract Apple iPhone XS: Tests
2021-08-03 09:06:41,490 - SmartPhoneScraper - INFO - Extract Apple iPhone 11 data from https://www.gsmarena.com/apple_iphone_11-9848.php
2021-08-03 09:06:41,491 - SmartPhoneScraper - DEBUG - Extract Apple iPhone 11: Network
2021-08-03 09:06:41,491 - SmartPhoneScraper - DEBUG - Extract Apple iPhone 11: Launch
2021-08-03 09:06:41,491 - SmartPhoneScraper - DEBUG - Extract Apple iPhone 11: Body
2021-08-03 09:06:41,492 - SmartPhoneScraper - DEBUG - Extract Apple iPhone 11: Display
2021-08-03 09:06:41,492 - SmartPhoneScraper - DEBUG - Extract Apple iPhone 11: Platform
2021-08-03 09:06:41,493 - SmartPhoneScraper - DEBUG - Extract Apple iPhone 11: Memory
2021-08-03 09:06:41,493 - SmartPhoneScraper - DEBUG - Extract Apple iPhone 11: Main Camera
2021-08-03 09:06:41,493 - SmartPhoneScraper - DEBUG - Extract Apple iPhone 11: Selfie camera
2021-08-03 09:06:41,493 - SmartPhoneScraper - DEBUG - Extract Apple iPhone 11: Sound
2021-08-03 09:06:41,494 - SmartPhoneScraper - DEBUG - Extract Apple iPhone 11: Comms
2021-08-03 09:06:41,494 - SmartPhoneScraper - DEBUG - Extract Apple iPhone 11: Features
2021-08-03 09:06:41,494 - SmartPhoneScraper - DEBUG - Extract Apple iPhone 11: Battery
2021-08-03 09:06:41,494 - SmartPhoneScraper - DEBUG - Extract Apple iPhone 11: Misc
2021-08-03 09:06:41,495 - SmartPhoneScraper - DEBUG - Extract Apple iPhone 11: Tests
2021-08-03 09:06:41,531 - SmartPhoneScraper - INFO - Extract Apple iPhone 11 Pro Max data from https://www.gsmarena.com/apple_iphone_11_pro_max-9846.php
2021-08-03 09:06:41,532 - SmartPhoneScraper - DEBUG - Extract Apple iPhone 11 Pro Max: Network
2021-08-03 09:06:41,532 - SmartPhoneScraper - DEBUG - Extract Apple iPhone 11 Pro Max: Launch
2021-08-03 09:06:41,532 - SmartPhoneScraper - DEBUG - Extract Apple iPhone 11 Pro Max: Body
2021-08-03 09:06:41,532 - SmartPhoneScraper - DEBUG - Extract Apple iPhone 11 Pro Max: Display
2021-08-03 09:06:41,532 - SmartPhoneScraper - DEBUG - Extract Apple iPhone 11 Pro Max: Platform
2021-08-03 09:06:41,533 - SmartPhoneScraper - DEBUG - Extract Apple iPhone 11 Pro Max: Memory
2021-08-03 09:06:41,533 - SmartPhoneScraper - DEBUG - Extract Apple iPhone 11 Pro Max: Main Camera
2021-08-03 09:06:41,533 - SmartPhoneScraper - DEBUG - Extract Apple iPhone 11 Pro Max: Selfie camera
2021-08-03 09:06:41,533 - SmartPhoneScraper - DEBUG - Extract Apple iPhone 11 Pro Max: Sound
2021-08-03 09:06:41,534 - SmartPhoneScraper - DEBUG - Extract Apple iPhone 11 Pro Max: Comms
2021-08-03 09:06:41,534 - SmartPhoneScraper - DEBUG - Extract Apple iPhone 11 Pro Max: Features
2021-08-03 09:06:41,534 - SmartPhoneScraper - DEBUG - Extract Apple iPhone 11 Pro Max: Battery
2021-08-03 09:06:41,534 - SmartPhoneScraper - DEBUG - Extract Apple iPhone 11 Pro Max: Misc
2021-08-03 09:06:41,535 - SmartPhoneScraper - DEBUG - Extract Apple iPhone 11 Pro Max: Tests
2021-08-03 09:06:41,565 - SmartPhoneScraper - INFO - Extract Apple iPhone 11 Pro data from https://www.gsmarena.com/apple_iphone_11_pro-9847.php
2021-08-03 09:06:41,566 - SmartPhoneScraper - DEBUG - Extract Apple iPhone 11 Pro: Network
2021-08-03 09:06:41,567 - SmartPhoneScraper - DEBUG - Extract Apple iPhone 11 Pro: Launch
2021-08-03 09:06:41,567 - SmartPhoneScraper - DEBUG - Extract Apple iPhone 11 Pro: Body
2021-08-03 09:06:41,567 - SmartPhoneScraper - DEBUG - Extract Apple iPhone 11 Pro: Display
2021-08-03 09:06:41,567 - SmartPhoneScraper - DEBUG - Extract Apple iPhone 11 Pro: Platform
2021-08-03 09:06:41,568 - SmartPhoneScraper - DEBUG - Extract Apple iPhone 11 Pro: Memory
2021-08-03 09:06:41,568 - SmartPhoneScraper - DEBUG - Extract Apple iPhone 11 Pro: Main Camera
2021-08-03 09:06:41,568 - SmartPhoneScraper - DEBUG - Extract Apple iPhone 11 Pro: Selfie camera
2021-08-03 09:06:41,568 - SmartPhoneScraper - DEBUG - Extract Apple iPhone 11 Pro: Sound
2021-08-03 09:06:41,569 - SmartPhoneScraper - DEBUG - Extract Apple iPhone 11 Pro: Comms
2021-08-03 09:06:41,569 - SmartPhoneScraper - DEBUG - Extract Apple iPhone 11 Pro: Features
2021-08-03 09:06:41,569 - SmartPhoneScraper - DEBUG - Extract Apple iPhone 11 Pro: Battery
2021-08-03 09:06:41,570 - SmartPhoneScraper - DEBUG - Extract Apple iPhone 11 Pro: Misc
2021-08-03 09:06:41,570 - SmartPhoneScraper - DEBUG - Extract Apple iPhone 11 Pro: Tests
2021-08-03 09:06:41,602 - SmartPhoneScraper - INFO - Extract Apple iPhone 12 Pro Max data from https://www.gsmarena.com/apple_iphone_12_pro_max-10237.php
2021-08-03 09:06:41,603 - SmartPhoneScraper - DEBUG - Extract Apple iPhone 12 Pro Max: Network
2021-08-03 09:06:41,604 - SmartPhoneScraper - DEBUG - Extract Apple iPhone 12 Pro Max: Launch
2021-08-03 09:06:41,604 - SmartPhoneScraper - DEBUG - Extract Apple iPhone 12 Pro Max: Body
2021-08-03 09:06:41,604 - SmartPhoneScraper - DEBUG - Extract Apple iPhone 12 Pro Max: Display
2021-08-03 09:06:41,605 - SmartPhoneScraper - DEBUG - Extract Apple iPhone 12 Pro Max: Platform
2021-08-03 09:06:41,605 - SmartPhoneScraper - DEBUG - Extract Apple iPhone 12 Pro Max: Memory
2021-08-03 09:06:41,605 - SmartPhoneScraper - DEBUG - Extract Apple iPhone 12 Pro Max: Main Camera
2021-08-03 09:06:41,606 - SmartPhoneScraper - DEBUG - Extract Apple iPhone 12 Pro Max: Selfie camera
2021-08-03 09:06:41,606 - SmartPhoneScraper - DEBUG - Extract Apple iPhone 12 Pro Max: Sound
2021-08-03 09:06:41,606 - SmartPhoneScraper - DEBUG - Extract Apple iPhone 12 Pro Max: Comms
2021-08-03 09:06:41,606 - SmartPhoneScraper - DEBUG - Extract Apple iPhone 12 Pro Max: Features
2021-08-03 09:06:41,607 - SmartPhoneScraper - DEBUG - Extract Apple iPhone 12 Pro Max: Battery
2021-08-03 09:06:41,607 - SmartPhoneScraper - DEBUG - Extract Apple iPhone 12 Pro Max: Misc
2021-08-03 09:06:41,608 - SmartPhoneScraper - DEBUG - Extract Apple iPhone 12 Pro Max: Tests
2021-08-03 09:06:41,640 - SmartPhoneScraper - INFO - Extract Apple iPhone 12 data from https://www.gsmarena.com/apple_iphone_12-10509.php
2021-08-03 09:06:41,641 - SmartPhoneScraper - DEBUG - Extract Apple iPhone 12: Network
2021-08-03 09:06:41,641 - SmartPhoneScraper - DEBUG - Extract Apple iPhone 12: Launch
2021-08-03 09:06:41,642 - SmartPhoneScraper - DEBUG - Extract Apple iPhone 12: Body
2021-08-03 09:06:41,642 - SmartPhoneScraper - DEBUG - Extract Apple iPhone 12: Display
2021-08-03 09:06:41,642 - SmartPhoneScraper - DEBUG - Extract Apple iPhone 12: Platform
2021-08-03 09:06:41,643 - SmartPhoneScraper - DEBUG - Extract Apple iPhone 12: Memory
2021-08-03 09:06:41,643 - SmartPhoneScraper - DEBUG - Extract Apple iPhone 12: Main Camera
2021-08-03 09:06:41,643 - SmartPhoneScraper - DEBUG - Extract Apple iPhone 12: Selfie camera
2021-08-03 09:06:41,643 - SmartPhoneScraper - DEBUG - Extract Apple iPhone 12: Sound
2021-08-03 09:06:41,643 - SmartPhoneScraper - DEBUG - Extract Apple iPhone 12: Comms
2021-08-03 09:06:41,644 - SmartPhoneScraper - DEBUG - Extract Apple iPhone 12: Features
2021-08-03 09:06:41,644 - SmartPhoneScraper - DEBUG - Extract Apple iPhone 12: Battery
2021-08-03 09:06:41,644 - SmartPhoneScraper - DEBUG - Extract Apple iPhone 12: Misc
2021-08-03 09:06:41,644 - SmartPhoneScraper - DEBUG - Extract Apple iPhone 12: Tests
2021-08-03 09:06:41,679 - SmartPhoneScraper - INFO - Extract Apple iPhone 12 Pro data from https://www.gsmarena.com/apple_iphone_12_pro-10508.php
2021-08-03 09:06:41,680 - SmartPhoneScraper - DEBUG - Extract Apple iPhone 12 Pro: Network
2021-08-03 09:06:41,680 - SmartPhoneScraper - DEBUG - Extract Apple iPhone 12 Pro: Launch
2021-08-03 09:06:41,681 - SmartPhoneScraper - DEBUG - Extract Apple iPhone 12 Pro: Body
2021-08-03 09:06:41,681 - SmartPhoneScraper - DEBUG - Extract Apple iPhone 12 Pro: Display
2021-08-03 09:06:41,681 - SmartPhoneScraper - DEBUG - Extract Apple iPhone 12 Pro: Platform
2021-08-03 09:06:41,682 - SmartPhoneScraper - DEBUG - Extract Apple iPhone 12 Pro: Memory
2021-08-03 09:06:41,682 - SmartPhoneScraper - DEBUG - Extract Apple iPhone 12 Pro: Main Camera
2021-08-03 09:06:41,682 - SmartPhoneScraper - DEBUG - Extract Apple iPhone 12 Pro: Selfie camera
2021-08-03 09:06:41,682 - SmartPhoneScraper - DEBUG - Extract Apple iPhone 12 Pro: Sound
2021-08-03 09:06:41,683 - SmartPhoneScraper - DEBUG - Extract Apple iPhone 12 Pro: Comms
2021-08-03 09:06:41,683 - SmartPhoneScraper - DEBUG - Extract Apple iPhone 12 Pro: Features
2021-08-03 09:06:41,683 - SmartPhoneScraper - DEBUG - Extract Apple iPhone 12 Pro: Battery
2021-08-03 09:06:41,683 - SmartPhoneScraper - DEBUG - Extract Apple iPhone 12 Pro: Misc
2021-08-03 09:06:41,684 - SmartPhoneScraper - DEBUG - Extract Apple iPhone 12 Pro: Tests
2021-08-03 09:06:41,718 - SmartPhoneScraper - INFO - Extract Apple iPhone 12 mini data from https://www.gsmarena.com/apple_iphone_12_mini-10510.php
2021-08-03 09:06:41,718 - SmartPhoneScraper - DEBUG - Extract Apple iPhone 12 mini: Network
2021-08-03 09:06:41,720 - SmartPhoneScraper - DEBUG - Extract Apple iPhone 12 mini: Launch
2021-08-03 09:06:41,720 - SmartPhoneScraper - DEBUG - Extract Apple iPhone 12 mini: Body
2021-08-03 09:06:41,720 - SmartPhoneScraper - DEBUG - Extract Apple iPhone 12 mini: Display
2021-08-03 09:06:41,721 - SmartPhoneScraper - DEBUG - Extract Apple iPhone 12 mini: Platform
2021-08-03 09:06:41,721 - SmartPhoneScraper - DEBUG - Extract Apple iPhone 12 mini: Memory
2021-08-03 09:06:41,721 - SmartPhoneScraper - DEBUG - Extract Apple iPhone 12 mini: Main Camera
2021-08-03 09:06:41,721 - SmartPhoneScraper - DEBUG - Extract Apple iPhone 12 mini: Selfie camera
2021-08-03 09:06:41,722 - SmartPhoneScraper - DEBUG - Extract Apple iPhone 12 mini: Sound
2021-08-03 09:06:41,722 - SmartPhoneScraper - DEBUG - Extract Apple iPhone 12 mini: Comms
2021-08-03 09:06:41,722 - SmartPhoneScraper - DEBUG - Extract Apple iPhone 12 mini: Features
2021-08-03 09:06:41,722 - SmartPhoneScraper - DEBUG - Extract Apple iPhone 12 mini: Battery
2021-08-03 09:06:41,723 - SmartPhoneScraper - DEBUG - Extract Apple iPhone 12 mini: Misc
2021-08-03 09:06:41,723 - SmartPhoneScraper - DEBUG - Extract Apple iPhone 12 mini: Tests
2021-08-03 09:06:41,754 - SmartPhoneScraper - INFO - Extract Apple iPhone SE (2020) data from https://www.gsmarena.com/apple_iphone_se_(2020)-10170.php
2021-08-03 09:06:41,755 - SmartPhoneScraper - DEBUG - Extract Apple iPhone SE (2020): Network
2021-08-03 09:06:41,755 - SmartPhoneScraper - DEBUG - Extract Apple iPhone SE (2020): Launch
2021-08-03 09:06:41,755 - SmartPhoneScraper - DEBUG - Extract Apple iPhone SE (2020): Body
2021-08-03 09:06:41,756 - SmartPhoneScraper - DEBUG - Extract Apple iPhone SE (2020): Display
2021-08-03 09:06:41,756 - SmartPhoneScraper - DEBUG - Extract Apple iPhone SE (2020): Platform
2021-08-03 09:06:41,756 - SmartPhoneScraper - DEBUG - Extract Apple iPhone SE (2020): Memory
2021-08-03 09:06:41,756 - SmartPhoneScraper - DEBUG - Extract Apple iPhone SE (2020): Main Camera
2021-08-03 09:06:41,757 - SmartPhoneScraper - DEBUG - Extract Apple iPhone SE (2020): Selfie camera
2021-08-03 09:06:41,757 - SmartPhoneScraper - DEBUG - Extract Apple iPhone SE (2020): Sound
2021-08-03 09:06:41,757 - SmartPhoneScraper - DEBUG - Extract Apple iPhone SE (2020): Comms
2021-08-03 09:06:41,757 - SmartPhoneScraper - DEBUG - Extract Apple iPhone SE (2020): Features
2021-08-03 09:06:41,757 - SmartPhoneScraper - DEBUG - Extract Apple iPhone SE (2020): Battery
2021-08-03 09:06:41,758 - SmartPhoneScraper - DEBUG - Extract Apple iPhone SE (2020): Misc
2021-08-03 09:06:41,758 - SmartPhoneScraper - DEBUG - Extract Apple iPhone SE (2020): Tests
2021-08-03 09:06:41,759 - SmartPhoneScraper - INFO - Done extracting 9 smartphone data.
2021-08-03 09:06:41,760 - SmartPhoneScraper - INFO - Writing data into file
2021-08-03 09:06:41,766 - SmartPhoneScraper - INFO - Done writing data into file
